


[LOG] Mirroring logs to the standard output...
[LOG] Response: user::
[LOG] Logged in as: Kamurai
[LOG] Usergroup: Registered
[ERR] Attempting to log in
[LOG] Connected to StencylTalk as: kamurai@stencyl.com/stencyl-1361645429740
[LOG] Refreshing friends list
[LOG] 200
[LOG] 
[LOG] http://www.stencyl.com/sw/updater/getVersions/stencylworksBeta
[LOG] HTTP/1.1 200 OK
<r>
<server status = '200' version = '1beta' time = '1299439687' />	<version required="true" build="502" name="2.2.0" month="06" day="22" year="12" />
	<version required="true" build="501" name="2.1.0" month="05" day="25" year="12" />
	<version required="true" build="500" name="2.0.0" month="04" day="20" year="12" />
	<version required="false" build="415" name="1.4.1" month="01" day="23" year="12" />
	<version required="false" build="414" name="1.4.0" month="01" day="22" year="12" />
	<version required="false" build="413" name="1.3.4" month="12" day="19" year="11" />
	<version required="false" build="412" name="1.3.3" month="12" day="14" year="11" />
	<version required="false" build="411" name="1.3.2" month="12" day="12" year="11" />
	<version required="false" build="410" name="1.3.1" month="12" day="10" year="11" />
	<version required="false" build="409" name="1.3.0" month="12" day="09" year="11" />
	<version required="false" build="408" name="1.2.1" month="10" day="27" year="11" />
	<version required="false" build="407" name="1.2.0" month="10" day="26" year="11" />
	<version required="false" build="406" name="1.1.1" month="09" day="13" year="11" />
	<version required="false" build="405" name="1.1.0" month="09" day="08" year="11" />
	<version required="false" build="404" name="1.0.4" month="07" day="23" year="11" />
	<version required="false" build="403" name="1.0.3" month="07" day="21" year="11" />
	<version required="false" build="402" name="1.0.2" month="06" day="30" year="11" />
	<version required="false" build="401" name="1.0.1" month="05" day="31" year="11" />
	<version required="false" build="400" name="1.0.0" month="05" day="18" year="11" />
	<version required="false" build="399" name="0.9.9" month="05" day="18" year="11" />
</r>
<r><updateRootUrl value="http://static.stencyl.com/sw/stencylworksBeta/502" /></r>
[LOG] http://static.stencyl.com/sw/stencylworksBeta/502/html/filelist
[LOG] HTTP/1.1 200 OK
<r><updateRootUrl value="http://static.stencyl.com/sw/stencylworksBeta/502" /></r>
[LOG] http://static.stencyl.com/sw/stencylworksBeta/502/files.xml
[LOG] HTTP/1.1 200 OK
[LOG] <?xml version="1.0" encoding="UTF-8"?>
<files>
   <file src="sw.jar" checksum="none"/>
   <file src="plaf/ios/template.pbxproj" checksum="none"/>
</files>
[LOG] {plaf/ios/template.pbxproj=502, sw.jar=502}
[LOG] Language List
[LOG] http://stencyl.net/language/locales.txt
[LOG] HTTP/1.1 200 OK
[LOG] Language File List
[LOG] http://stencyl.net/language/modules.txt
[LOG] HTTP/1.1 200 OK
[LOG] Create Language Dirs
[LOG] Download Languages
[LOG] Downloading... http://stencyl.net/language/lang/en/global.lang
[LOG] Downloading... http://stencyl.net/language/lang/en/prefs.lang
[LOG] Downloading... http://stencyl.net/language/lang/en/gamedg.lang
[LOG] Downloading... http://stencyl.net/language/lang/en/spritedg.lang
[LOG] Downloading... http://stencyl.net/language/lang/en/tset.lang
[LOG] Downloading... http://stencyl.net/language/lang/en/actor.lang
[LOG] Downloading... http://stencyl.net/language/lang/en/scene.lang
[LOG] Downloading... http://stencyl.net/language/lang/en/snippet.lang
[LOG] Downloading... http://stencyl.net/language/lang/en/blocks.lang
[LOG] Downloading... http://stencyl.net/language/lang/en/blockhelp.lang
<r><updateRootUrl value="http://static.stencyl.com/sw/stencylworksBeta/502" /></r>
<r><updateRootUrl value="http://static.stencyl.com/sw/stencylworksBeta/502" /></r>
[LOG] Saving Preferences
[LOG] Running patcher.
[LOG] java -jar patcher.jar "C:\Users\Kamurai/AppData/Roaming/Stencyl/stencylworks/games/" "C:\Users\Kamurai\AppData\Local\Temp\stencyl3732223313573474084/updater/" "C:\Users\Kamurai\AppData\Local\Temp\stencyl3732223313573474084"
